c:\home\workplace\gittest\back\h2o_reconstruct\h2ovc2008_pro\h2ovc2008_pro\debug\vc120.pdb
c:\home\workplace\gittest\back\h2o_reconstruct\h2ovc2008_pro\h2ovc2008_pro\debug\vc120.idb
c:\home\workplace\gittest\back\h2o_reconstruct\h2ovc2008_pro\h2ovc2008_pro\debug\h2o_captionscreen.obj
c:\home\workplace\gittest\back\h2o_reconstruct\h2ovc2008_pro\h2ovc2008_pro\debug\h2o_dragtile.obj
c:\home\workplace\gittest\back\h2o_reconstruct\h2ovc2008_pro\h2ovc2008_pro\debug\h2o_file.obj
c:\home\workplace\gittest\back\h2o_reconstruct\h2ovc2008_pro\h2ovc2008_pro\debug\h2o_gdipainter.obj
c:\home\workplace\gittest\back\h2o_reconstruct\h2ovc2008_pro\h2ovc2008_pro\debug\h2o_gifplayer.obj
c:\home\workplace\gittest\back\h2o_reconstruct\h2ovc2008_pro\h2ovc2008_pro\debug\h2o_imagefile.obj
c:\home\workplace\gittest\back\h2o_reconstruct\h2ovc2008_pro\h2ovc2008_pro\debug\h2o_interface.obj
c:\home\workplace\gittest\back\h2o_reconstruct\h2ovc2008_pro\h2ovc2008_pro\debug\h2o_lockscreen.obj
c:\home\workplace\gittest\back\h2o_reconstruct\h2ovc2008_pro\h2ovc2008_pro\debug\h2o_painter.obj
c:\home\workplace\gittest\back\h2o_reconstruct\h2ovc2008_pro\h2ovc2008_pro\debug\h2o_tile.obj
c:\home\workplace\gittest\back\h2o_reconstruct\h2ovc2008_pro\h2ovc2008_pro\debug\h2o_timer.obj
c:\home\workplace\gittest\back\h2o_reconstruct\h2ovc2008_pro\h2ovc2008_pro\debug\h2o_widget.obj
c:\home\workplace\gittest\back\h2o_reconstruct\h2ovc2008_pro\h2ovc2008_pro\debug\h2o_animation.obj
c:\home\workplace\gittest\back\h2o_reconstruct\h2ovc2008_pro\h2ovc2008_pro\debug\h2o_application.obj
c:\home\workplace\gittest\back\h2o_reconstruct\h2ovc2008_pro\h2ovc2008_pro\debug\h2o_buffer2dabstract.obj
c:\home\workplace\gittest\back\h2o_reconstruct\h2ovc2008_pro\h2ovc2008_pro\debug\h2o_font.obj
c:\home\workplace\gittest\back\h2o_reconstruct\h2ovc2008_pro\h2ovc2008_pro\debug\h2o_textedit.obj
c:\home\workplace\gittest\back\h2o_reconstruct\h2ovc2008_pro\h2ovc2008_pro\debug\h2o_typewriter.obj
c:\home\workplace\gittest\back\h2o_reconstruct\h2ovc2008_pro\h2ovc2008_pro\debug\h2o_widgettest.obj
c:\home\workplace\gittest\back\h2o_reconstruct\h2ovc2008_pro\h2ovc2008_pro\debug\lockscreendlg.obj
c:\home\workplace\gittest\back\h2o_reconstruct\h2ovc2008_pro\h2ovc2008_pro\debug\main.obj
c:\home\workplace\gittest\back\h2o_reconstruct\h2ovc2008_pro\h2ovc2008_pro\debug\widgettest2.obj
c:\home\workplace\gittest\back\h2o_reconstruct\h2ovc2008_pro\h2ovc2008_pro\debug\wrongpswdlg.obj
c:\home\workplace\gittest\back\h2o_reconstruct\h2ovc2008_pro\h2ovc2008_pro\debug\gamepanel.obj
c:\home\workplace\gittest\back\h2o_reconstruct\h2ovc2008_pro\h2ovc2008_pro\debug\h2o_button.obj
c:\home\workplace\gittest\back\h2o_reconstruct\h2ovc2008_pro\h2ovc2008_pro\debug\h2ovc2008_pro.exe.embed.manifest
c:\home\workplace\gittest\back\h2o_reconstruct\h2ovc2008_pro\h2ovc2008_pro\debug\h2ovc2008_pro.exe.intermediate.manifest
c:\home\workplace\gittest\back\h2o_reconstruct\h2ovc2008_pro\h2ovc2008_pro\debug\h2ovc2008_pro.exe.embed.manifest.res
c:\home\workplace\gittest\back\h2o_reconstruct\h2ovc2008_pro\h2ovc2008_pro\debug\vc90.idb
c:\home\workplace\gittest\back\h2o_reconstruct\h2ovc2008_pro\h2ovc2008_pro\debug\vc90.pdb
c:\home\workplace\gittest\back\h2o_reconstruct\h2ovc2008_pro\debug\h2ovc2008_pro.pdb
c:\home\workplace\gittest\back\h2o_reconstruct\h2ovc2008_pro\h2ovc2008_pro\debug\h2ovc2008_pro.tlog\cl.command.1.tlog
c:\home\workplace\gittest\back\h2o_reconstruct\h2ovc2008_pro\h2ovc2008_pro\debug\h2ovc2008_pro.tlog\cl.read.1.tlog
c:\home\workplace\gittest\back\h2o_reconstruct\h2ovc2008_pro\h2ovc2008_pro\debug\h2ovc2008_pro.tlog\cl.write.1.tlog
c:\home\workplace\gittest\back\h2o_reconstruct\h2ovc2008_pro\h2ovc2008_pro\debug\h2ovc2008_pro.tlog\link-cvtres.read.1.tlog
c:\home\workplace\gittest\back\h2o_reconstruct\h2ovc2008_pro\h2ovc2008_pro\debug\h2ovc2008_pro.tlog\link-cvtres.write.1.tlog
c:\home\workplace\gittest\back\h2o_reconstruct\h2ovc2008_pro\h2ovc2008_pro\debug\h2ovc2008_pro.tlog\link-rc.read.1.tlog
c:\home\workplace\gittest\back\h2o_reconstruct\h2ovc2008_pro\h2ovc2008_pro\debug\h2ovc2008_pro.tlog\link-rc.write.1.tlog
c:\home\workplace\gittest\back\h2o_reconstruct\h2ovc2008_pro\h2ovc2008_pro\debug\h2ovc2008_pro.tlog\link.command.1.tlog
c:\home\workplace\gittest\back\h2o_reconstruct\h2ovc2008_pro\h2ovc2008_pro\debug\h2ovc2008_pro.tlog\link.read.1.tlog
c:\home\workplace\gittest\back\h2o_reconstruct\h2ovc2008_pro\h2ovc2008_pro\debug\h2ovc2008_pro.tlog\link.write.1.tlog
